========================================
SLURM Job Information
========================================
Job ID: 2974
Node: 3feed1de-06
Partition: batch
CPUs: 8
Memory: 40G
Date: Fri Oct 24 11:07:39 PDT 2025
========================================

GPU Information:
name, memory.total [MiB], memory.free [MiB], utilization.gpu [%]
NVIDIA H100 80GB HBM3, 81559 MiB, 81090 MiB, 0 %
NVIDIA H100 80GB HBM3, 81559 MiB, 81090 MiB, 0 %
NVIDIA H100 80GB HBM3, 81559 MiB, 81090 MiB, 0 %
NVIDIA H100 80GB HBM3, 81559 MiB, 81090 MiB, 0 %
NVIDIA H100 80GB HBM3, 81559 MiB, 81090 MiB, 0 %
NVIDIA H100 80GB HBM3, 81559 MiB, 81090 MiB, 0 %
NVIDIA H100 80GB HBM3, 81559 MiB, 81090 MiB, 0 %
NVIDIA H100 80GB HBM3, 81559 MiB, 81090 MiB, 0 %

========================================
Running hybrid metric depth E2E test...
========================================

/home/shivin/miniconda3/envs/vipe-test/lib/python3.10/site-packages/torch/cuda/__init__.py:61: FutureWarning: The pynvml package is deprecated. Please install nvidia-ml-py instead. If you did not install pynvml directly, please report this to the maintainers of the package that installed pynvml for you.
  import pynvml  # type: ignore[import]
Using /home/shivin/.cache/torch_extensions/py310_cu126 as PyTorch extensions root...
Detected CUDA files, patching ldflags
Emitting ninja build file /home/shivin/.cache/torch_extensions/py310_cu126/vipe_ext_jit/build.ninja...
/home/shivin/miniconda3/envs/vipe-test/lib/python3.10/site-packages/torch/utils/cpp_extension.py:2356: UserWarning: TORCH_CUDA_ARCH_LIST is not set, all archs for visible cards are included for compilation. 
If this is not desired, please set os.environ['TORCH_CUDA_ARCH_LIST'].
  warnings.warn(
Building extension module vipe_ext_jit...
Allowing ninja to set a default number of workers... (overridable by setting the environment variable MAX_JOBS=N)
[1/3] /usr/local/cuda/bin/nvcc --generate-dependencies-with-compile --dependency-output geom_kernels.cuda.o.d -DTORCH_EXTENSION_NAME=vipe_ext_jit -DTORCH_API_INCLUDE_EXTENSION_H -DPYBIND11_COMPILER_TYPE=\"_gcc\" -DPYBIND11_STDLIB=\"_libstdcpp\" -DPYBIND11_BUILD_ABI=\"_cxxabi1016\" -isystem /home/shivin/miniconda3/envs/vipe-test/lib/python3.10/site-packages/torch/include -isystem /home/shivin/miniconda3/envs/vipe-test/lib/python3.10/site-packages/torch/include/torch/csrc/api/include -isystem /usr/local/cuda/include -isystem /home/shivin/miniconda3/envs/vipe-test/include/python3.10 -D_GLIBCXX_USE_CXX11_ABI=1 -D__CUDA_NO_HALF_OPERATORS__ -D__CUDA_NO_HALF_CONVERSIONS__ -D__CUDA_NO_BFLOAT16_CONVERSIONS__ -D__CUDA_NO_HALF2_OPERATORS__ --expt-relaxed-constexpr -gencode=arch=compute_90,code=compute_90 -gencode=arch=compute_90,code=sm_90 --compiler-options '-fPIC' -O3 -DWITH_CUDA --use_fast_math -isystem /home/shivin/miniconda3/envs/vipe-test/include -std=c++17 -c /home/shivin/ml-testing/vipe/csrc/slam_ext/geom_kernels.cu -o geom_kernels.cuda.o 
FAILED: [code=1] geom_kernels.cuda.o 
/usr/local/cuda/bin/nvcc --generate-dependencies-with-compile --dependency-output geom_kernels.cuda.o.d -DTORCH_EXTENSION_NAME=vipe_ext_jit -DTORCH_API_INCLUDE_EXTENSION_H -DPYBIND11_COMPILER_TYPE=\"_gcc\" -DPYBIND11_STDLIB=\"_libstdcpp\" -DPYBIND11_BUILD_ABI=\"_cxxabi1016\" -isystem /home/shivin/miniconda3/envs/vipe-test/lib/python3.10/site-packages/torch/include -isystem /home/shivin/miniconda3/envs/vipe-test/lib/python3.10/site-packages/torch/include/torch/csrc/api/include -isystem /usr/local/cuda/include -isystem /home/shivin/miniconda3/envs/vipe-test/include/python3.10 -D_GLIBCXX_USE_CXX11_ABI=1 -D__CUDA_NO_HALF_OPERATORS__ -D__CUDA_NO_HALF_CONVERSIONS__ -D__CUDA_NO_BFLOAT16_CONVERSIONS__ -D__CUDA_NO_HALF2_OPERATORS__ --expt-relaxed-constexpr -gencode=arch=compute_90,code=compute_90 -gencode=arch=compute_90,code=sm_90 --compiler-options '-fPIC' -O3 -DWITH_CUDA --use_fast_math -isystem /home/shivin/miniconda3/envs/vipe-test/include -std=c++17 -c /home/shivin/ml-testing/vipe/csrc/slam_ext/geom_kernels.cu -o geom_kernels.cuda.o 
/home/shivin/ml-testing/vipe/csrc/slam_ext/geom_kernels.cu:21:10: fatal error: eigen3/Eigen/Sparse: No such file or directory
   21 | #include <eigen3/Eigen/Sparse>
      |          ^~~~~~~~~~~~~~~~~~~~~
compilation terminated.
[2/3] /usr/local/cuda/bin/nvcc --generate-dependencies-with-compile --dependency-output lietorch_gpu.cuda.o.d -DTORCH_EXTENSION_NAME=vipe_ext_jit -DTORCH_API_INCLUDE_EXTENSION_H -DPYBIND11_COMPILER_TYPE=\"_gcc\" -DPYBIND11_STDLIB=\"_libstdcpp\" -DPYBIND11_BUILD_ABI=\"_cxxabi1016\" -isystem /home/shivin/miniconda3/envs/vipe-test/lib/python3.10/site-packages/torch/include -isystem /home/shivin/miniconda3/envs/vipe-test/lib/python3.10/site-packages/torch/include/torch/csrc/api/include -isystem /usr/local/cuda/include -isystem /home/shivin/miniconda3/envs/vipe-test/include/python3.10 -D_GLIBCXX_USE_CXX11_ABI=1 -D__CUDA_NO_HALF_OPERATORS__ -D__CUDA_NO_HALF_CONVERSIONS__ -D__CUDA_NO_BFLOAT16_CONVERSIONS__ -D__CUDA_NO_HALF2_OPERATORS__ --expt-relaxed-constexpr -gencode=arch=compute_90,code=compute_90 -gencode=arch=compute_90,code=sm_90 --compiler-options '-fPIC' -O3 -DWITH_CUDA --use_fast_math -isystem /home/shivin/miniconda3/envs/vipe-test/include -std=c++17 -c /home/shivin/ml-testing/vipe/csrc/lietorch_ext/lietorch_gpu.cu -o lietorch_gpu.cuda.o 
FAILED: [code=1] lietorch_gpu.cuda.o 
/usr/local/cuda/bin/nvcc --generate-dependencies-with-compile --dependency-output lietorch_gpu.cuda.o.d -DTORCH_EXTENSION_NAME=vipe_ext_jit -DTORCH_API_INCLUDE_EXTENSION_H -DPYBIND11_COMPILER_TYPE=\"_gcc\" -DPYBIND11_STDLIB=\"_libstdcpp\" -DPYBIND11_BUILD_ABI=\"_cxxabi1016\" -isystem /home/shivin/miniconda3/envs/vipe-test/lib/python3.10/site-packages/torch/include -isystem /home/shivin/miniconda3/envs/vipe-test/lib/python3.10/site-packages/torch/include/torch/csrc/api/include -isystem /usr/local/cuda/include -isystem /home/shivin/miniconda3/envs/vipe-test/include/python3.10 -D_GLIBCXX_USE_CXX11_ABI=1 -D__CUDA_NO_HALF_OPERATORS__ -D__CUDA_NO_HALF_CONVERSIONS__ -D__CUDA_NO_BFLOAT16_CONVERSIONS__ -D__CUDA_NO_HALF2_OPERATORS__ --expt-relaxed-constexpr -gencode=arch=compute_90,code=compute_90 -gencode=arch=compute_90,code=sm_90 --compiler-options '-fPIC' -O3 -DWITH_CUDA --use_fast_math -isystem /home/shivin/miniconda3/envs/vipe-test/include -std=c++17 -c /home/shivin/ml-testing/vipe/csrc/lietorch_ext/lietorch_gpu.cu -o lietorch_gpu.cuda.o 
/home/shivin/ml-testing/vipe/csrc/lietorch_ext/lietorch_gpu.cu:8:10: fatal error: eigen3/Eigen/Dense: No such file or directory
    8 | #include <eigen3/Eigen/Dense>
      |          ^~~~~~~~~~~~~~~~~~~~
compilation terminated.
ninja: build stopped: subcommand failed.
Traceback (most recent call last):
  File "/home/shivin/miniconda3/envs/vipe-test/lib/python3.10/site-packages/torch/utils/cpp_extension.py", line 2506, in _run_ninja_build
    subprocess.run(
  File "/home/shivin/miniconda3/envs/vipe-test/lib/python3.10/subprocess.py", line 526, in run
    raise CalledProcessError(retcode, process.args,
subprocess.CalledProcessError: Command '['ninja', '-v']' returned non-zero exit status 1.

The above exception was the direct cause of the following exception:

Traceback (most recent call last):
  File "/home/shivin/ml-testing/vipe/test_hybrid_e2e.py", line 15, in <module>
    from vipe import get_config_path, make_pipeline
  File "/home/shivin/ml-testing/vipe/vipe/__init__.py", line 20, in <module>
    from vipe.pipeline import make_pipeline
  File "/home/shivin/ml-testing/vipe/vipe/pipeline/__init__.py", line 26, in <module>
    from vipe.streams.base import MultiviewVideoList, VideoStream
  File "/home/shivin/ml-testing/vipe/vipe/streams/base.py", line 29, in <module>
    from vipe.ext.lietorch import SE3
  File "/home/shivin/ml-testing/vipe/vipe/ext/__init__.py", line 31, in <module>
    _C = load(
  File "/home/shivin/miniconda3/envs/vipe-test/lib/python3.10/site-packages/torch/utils/cpp_extension.py", line 1623, in load
    return _jit_compile(
  File "/home/shivin/miniconda3/envs/vipe-test/lib/python3.10/site-packages/torch/utils/cpp_extension.py", line 2076, in _jit_compile
    _write_ninja_file_and_build_library(
  File "/home/shivin/miniconda3/envs/vipe-test/lib/python3.10/site-packages/torch/utils/cpp_extension.py", line 2222, in _write_ninja_file_and_build_library
    _run_ninja_build(
  File "/home/shivin/miniconda3/envs/vipe-test/lib/python3.10/site-packages/torch/utils/cpp_extension.py", line 2522, in _run_ninja_build
    raise RuntimeError(message) from e
RuntimeError: Error building extension 'vipe_ext_jit'

========================================
Job finished with exit code: 1
Date: Fri Oct 24 11:07:47 PDT 2025
========================================
